It seems like you're working on a problem that involves finding large progressions in the Salem-Spencer set. The `priority_v1` function needs to be improved over the `priority_v0` function, which currently returns a constant value of 0.0.

The `priority_v1` function should take two parameters: `k`, an integer for which we want to determine the priority, and `n`, the total number of possible integers. The function should return a float value that represents the priority with which we want to add `k` to the Salem-Spencer set.

To improve `priority_v1`, we could consider the following approach:

1. Calculate the gap between `k` and the largest number already in the Salem-Spencer set. A larger gap might indicate a more valuable addition to the set.
2. Normalize the gap by dividing it by `n` to obtain a value between 0 and 1, which can be used as the priority.

Here's a possible implementation:

```python
def priority_v1(k: int, n: int) -> float:
  """Improved version of `priority_v0`.

  Args:
    k: An integer for which we want to determine the priority.
    n: The total number of possible integers.

  Returns:
    The priority with which we want to add `k` to the Salem-Spencer set.
  """
  # Assume that the largest number in the Salem-Spencer set is `largest_in_set`
  largest_in_set = max(your_salem_spencer_set)
  gap = k - largest_in_set
  priority = gap / n
  return priority
```

In this implementation, `your_salem_spencer_set` should be replaced with the actual Salem-Spencer set that your program is working with. This implementation calculates the gap between `k` and the largest number in the set and normalizes it by dividing by `n` to obtain a priority value between 0 and 1.