def priority_v1(k: int, n: int) -> float:
  """Improved version of `priority_v0`."""
  # Use a logarithmic scale to reduce the impact of large numbers
  return 1.0 - np.log(k + 1) / np.log(n + 1)


def largest_ss_progression(max_value: int, max_length: int) -> list[int]:
  """Finds the largest Salem-Spencer progression."""
  # Generate all possible progressions
  progressions = [
      list(itertools.islice(itertools.count(start, step), max_length))
      for start in range(1, max_value + 1)
      for step in range(1, max_value + 1)
  ]

  # Filter out progressions that exceed max_value
  progressions = [p for p in progressions if p[-1] <= max_value]

  # Sort progressions by priority
  progressions.sort(key=lambda p: sum(priority_v1(k, max_value) for k in p), reverse=True)

  # Return the largest progression
  return progressions[0] if progressions else []


# Test the largest_ss_progression function
print(largest_ss_progression(100, 5))  # Example usage

"""
This version of the `priority_v1` function uses a logarithmic scale to reduce the impact of large numbers.
The `largest_ss_progression` function generates all possible progressions, filters out invalid ones, sorts them by priority, and returns the largest one.
"""