def priority_v1(el: tuple[int, ...], n: int) -> float:
    # Prioritize elements with more 2's and fewer 0's
    return el.count(2) - el.count(0)

@funsearch.run
def priority_v2(el: tuple[int, ...], n: int) -> float:
    """Improved version of `priority_v1`."""
    # Prioritize elements with more 2's and fewer 0's, and balance 1's
    return el.count(2) - el.count(0) - 0.5 * abs(el.count(1) - el.count(0))

@funsearch.run
def priority_v3(el: tuple[int, ...], n: int) -> float:
    """Improved version of `priority_v2`."""
    # Prioritize elements with more 2's and fewer 0's, balance 1's, and consider the sum of elements
    return el.count(2) - el.count(0) - 0.5 * abs(el.count(1) - el.count(0)) + sum(el) / n

@funsearch.run
def priority_v4(el: tuple[int, ...], n: int) -> float:
    """Improved version of `priority_v3`."""
    # Prioritize elements with more 2's and fewer 0's, balance 1's, consider the sum of elements, and the variance of elements
    return el.count(2) - el.count(0) - 0.5 * abs(el.count(1) - el.count(0)) + sum(el) / n - np.var(el)

@funsearch.run
def priority_v5(el: tuple[int, ...], n: int) -> float:
    """Improved version of `priority_v4`."""
    # Prioritize elements with more 2's and fewer 0's, balance 1's, consider the sum and variance of elements, and the number of unique elements
    return el.count(2) - el.count(0) - 0.5 * abs(el.count(1) - el.count(0)) + sum(el) / n - np.var(el) + len(set(el)) / n

@funsearch.run
def priority_v6(el: tuple[int, ...], n: int) -> float:
    """Improved version of `priority_v5`."""
    # Prioritize elements with more 2's and fewer 0's, balance 1's, consider the sum and variance of elements, the number of unique elements, and the number of transitions between elements
    return el.count(2) - el.count(0) - 0.5 * abs(el.count(1) - el.count(0)) + sum(el) / n - np.var(el) + len(set(el)) / n + sum(abs(np.diff(el)))

@funsearch.run
def priority_v7(el: tuple[int, ...], n: int) -> float:
    """Improved version of `priority_v6`."""
    # Prioritize elements with more 2's and fewer 0's, balance 1's, consider the sum and variance of elements, the number of unique elements, the number of transitions between elements, and the autocorrelation of elements
    return el.count(2) - el.count(0) - 0.5 * abs(el.count(1) - el.count(0)) + sum(el) / n - np.var(el) + len(set(el)) / n + sum(abs(np.diff(el))) - np.corrcoef(el, np.roll(el, 1))[0, 1]

@funsearch.run
def priority_v8(el: tuple[int, ...], n: int) -> float:
    """Improved version of `priority_v7`."""
    # Prioritize elements with more 2's and fewer 0's, balance 1's, consider the sum and variance of elements, the number of unique elements, the number of transitions between elements, the autocorrelation of elements, and the entropy of elements
    return el.count(2) - el.count(0) - 0.5 * abs(el.count(1) - el.count(0)) + sum(el) / n - np.var(el) + len(set(el)) / n + sum(abs(np.diff(el))) - np.corrcoef(el, np.roll(el, 1))[0, 1] - entropy(el)

def entropy(el):
    # Calculate the entropy of a list of elements
    value, counts = np.unique(el, return_counts=True)
    return -np.sum(counts/len(el) * np.log2(counts/len(el)))