def priority_v1(el: tuple[int, ...], n: int) -> float:
    """Improved version of `priority_v0`."""
    # Calculate the sum of elements in the tuple
    sum_el = sum(el)
    # The higher the sum, the higher the priority
    return sum_el

@funsearch.run
def priority_v2(el: tuple[int, ...], n: int) -> float:
    """Improved version of `priority_v1`."""
    # Calculate the sum of elements in the tuple
    sum_el = sum(el)
    # Calculate the number of ones in the tuple
    count_ones = el.count(1)
    # The priority is the sum of elements minus the number of ones
    return sum_el - count_ones

@funsearch.run
def priority_v3(el: tuple[int, ...], n: int) -> float:
    """Improved version of `priority_v2`."""
    # Calculate the sum of elements in the tuple
    sum_el = sum(el)
    # Calculate the number of ones in the tuple
    count_ones = el.count(1)
    # Calculate the number of twos in the tuple
    count_twos = el.count(2)
    # The priority is the sum of elements minus the number of ones and twos
    return sum_el - count_ones - 2 * count_twos

@funsearch.run
def priority_v4(el: tuple[int, ...], n: int) -> float:
    """Improved version of `priority_v3`."""
    # Calculate the sum of elements in the tuple
    sum_el = sum(el)
    # Calculate the number of ones in the tuple
    count_ones = el.count(1)
    # Calculate the number of twos in the tuple
    count_twos = el.count(2)
    # Calculate the number of zeros in the tuple
    count_zeros = el.count(0)
    # The priority is the sum of elements minus the number of ones, twice the number of twos, and three times the number of zeros
    return sum_el - count_ones - 2 * count_twos - 3 * count_zeros

@funsearch.run
def priority_v5(el: tuple[int, ...], n: int) -> float:
    """Improved version of `priority_v4`."""
    # Calculate the sum of elements in the tuple
    sum_el = sum(el)
    # Calculate the number of ones in the tuple
    count_ones = el.count(1)
    # Calculate the number of twos in the tuple
    count_twos = el.count(2)
    # Calculate the number of zeros in the tuple
    count_zeros = el.count(0)
    # Calculate the length of the longest sequence of ones in the tuple
    longest_ones = max(len(list(group)) for key, group in itertools.groupby(el) if key == 1)
    # The priority is the sum of elements minus the number of ones, twice the number of twos, three times the number of zeros, and four times the length of the longest sequence of ones
    return sum_el - count_ones - 2 * count_twos - 3 * count_zeros - 4 * longest_ones

@funsearch.run
def priority_v6(el: tuple[int, ...], n: int) -> float:
    """Improved version of `priority_v5`."""
    # Calculate the sum of elements in the tuple
    sum_el = sum(el)
    # Calculate the number of ones in the tuple
    count_ones = el.count(1)
    # Calculate the number of twos in the tuple
    count_twos = el.count(2)
    # Calculate the number of zeros in the tuple
    count_zeros = el.count(0)
    # Calculate the length of the longest sequence of ones in the tuple
    longest_ones = max(len(list(group)) for key, group in itertools.groupby(el) if key == 1)
    # Calculate the length of the longest sequence of twos in the tuple
    longest_twos = max(len(list(group)) for key, group in itertools.groupby(el) if key == 2)
    # The priority is the sum of elements minus the number of ones, twice the number of twos, three times the number of zeros, four times the length of the longest sequence of ones, and five times the length of the longest sequence of twos
    return sum_el - count_ones - 2 * count_twos - 3 * count_zeros - 4 * longest_ones - 5 * longest_twos

# The final version of the priority function is `priority_v6`. It takes into account the sum of elements, the number of ones, the number of twos, the number of zeros, the length of the longest sequence of ones, and the length of the longest sequence of twos. The priority is calculated as a weighted sum of these factors, with the weights chosen to prioritize certain desirable characteristics in the cap set.