The function `priority_v2` is not implemented in the provided code. However, I can suggest an improvement based on the previous version `priority_v1`.

One possible improvement could be to consider the multiplicity of the prime factors as well. This will give more weight to numbers with larger prime factors or numbers with more occurrences of the same prime factor.

Here's a potential implementation of `priority_v2`:

```python
def priority_v2(k: int, n: int) -> float:
  """Improved version of `priority_v1`."""
  if k <= 1 or k > n:
    return 0.0

  # Count the number of prime factors and their multiplicity of k
  factors = {}
  i = 2
  while i * i <= k:
    if k % i:
      i += 1
    else:
      k //= i
      if i in factors:
        factors[i] += 1
      else:
        factors[i] = 1

  if k > 1:
    if k in factors:
      factors[k] += 1
    else:
      factors[k] = 1

  # Prioritize numbers with more unique prime factors and larger multiplicity
  return len(factors) * sum(factors.values())
```

In this updated version, `factors` is a dictionary that maps each prime factor to its multiplicity. The priority is then calculated as the product of the number of unique prime factors and the sum of their multiplicities.