"""Finds large SS progressions 

On every iteration, improve priority_v1 over the priority_vX methods from previous iterations.
Make only small changes.
Try to make the code short.
"""
import itertools

import numpy as np

import funsearch


@funsearch.run
def priority_v0(k: int, n: int) -> float:
  """Returns the priority with which we want to add `element` to the salem-spencer set.
  n is the number of possible integers, and k is the integer we want to determine priority for. 
  """
  """Improved version of `priority_v1`."""
  freq = sum(i % k == 0 for i in range(n))
  return freq / n + (n // k) / n


def priority_v1(k: int, n: int) -> float:
  """Improved version of `priority_v0`."""
  """Improved version of `priority_v2`."""
  freq_k = np.count_nonzero(np.arange(n) % k == 0)
  freq_kk = np.count_nonzero(np.arange(n // k) % k == 0)
  freq_kkk = np.count_nonzero(np.arange(n // k**2) % k == 0)
  freq_kkkk = np.count_nonzero(np.arange(n // k**3) % k == 0)
  return (freq_k + freq_kk - freq_kkk + freq_kkkk) / n


def priority_v2(k: int, n: int) -> float:
  """Improved version of `priority_v1`."""

