"""Finds large SS progressions 

On every iteration, improve priority_v1 over the priority_vX methods from previous iterations.
Make only small changes.
Try to make the code short.
"""
import itertools

import numpy as np

import funsearch


@funsearch.run
def priority_v0(k: int, n: int) -> float:
  """Returns the priority with which we want to add `element` to the salem-spencer set.
  n is the number of possible integers, and k is the integer we want to determine priority for. 
  """
  """Improved version of `priority_v1`."""
  freq_k, freq_kk, freq_kkk = 0, 0, 0
  for i in range(1, n + 1):
    if i % k == 0:
      freq_k += 1
      if i % (k * k) == 0:
        freq_kkk += 1
    if i % (k * k) == 0:
      freq_kk += 1
  return (freq_k + freq_kk - freq_kkk) / n


def priority_v1(k: int, n: int) -> float:
  """Improved version of `priority_v0`."""
  """Improved version of `priority_v1`."""
  freq = sum(i % k == 0 for i in range(n))
  return freq / n + (n // k) / n


def priority_v2(k: int, n: int) -> float:
  """Improved version of `priority_v1`."""

