Here's an improved version of `priority_v1` that considers the number of ways to choose `k` elements from `n` possible integers, which is given by the combination formula `n choose k`. The idea is that elements with more combinations should have higher priority.

```python
from math import comb

def priority_v1(k: int, n: int) -> float:
  """Improved version of `priority_v0`."""
  return comb(n, k)
```

To further improve `priority_vX` methods in subsequent iterations, you can consider additional factors such as the sum of elements, their distribution, or other relevant properties. Here's an example of `priority_v2` that considers the sum of `k` elements:

```python
def priority_v2(k: int, n: int) -> float:
  """Improved version of `priority_v1` considering the sum of `k` elements."""
  return comb(n, k) * sum(range(k))
```

And here's a version that considers the average distance between elements:

```python
def priority_v3(k: int, n: int) -> float:
  """Improved version of `priority_v2` considering the average distance between elements."""
  elements = np.arange(n)
  distances = np.abs(np.diff(elements))
  avg_distance = np.mean(distances[:k])
  return comb(n, k) * sum(range(k)) * avg_distance
```

In each iteration, make sure to test the new method with various inputs to ensure it performs better than the previous ones. Also, keep the changes small and focused to maintain a clear understanding of the improvements made.