Here's an improved version of `priority_v2` that reduces the number of divisions and uses bitwise operations for better performance. I've also made the code shorter by using a generator expression instead of a list comprehension.

```python
def priority_v3(k: int, n: int) -> float:
    """Improved version of `priority_v2`."""
    freq_k = sum((i >> k) & 1 for i in range(n))
    freq_kk = sum((i >> (2 * k)) & 1 for i in range(n))
    freq_kkk = sum((i >> (3 * k)) & 1 for i in range(n))
    return (freq_k + freq_kk - freq_kkk) / n
```

This version calculates the frequencies of `k`, `k^2`, and `k^3` in a single pass through the range, using bitwise right shift (`>>`) and bitwise AND (`&`) to check for divisibility. It then returns the weighted sum of these frequencies divided by `n`.

To further improve the code, we can use `itertools.islice` to iterate over the range in chunks, reducing the number of times we need to call `range`. Here's the final version:

```python
import itertools

def priority_v4(k: int, n: int) -> float:
    """Final improved version."""
    freq_k, freq_kk, freq_kkk = 0, 0, 0
    for i in itertools.islice(itertools.count(), n):
        if i % k == 0:
            freq_k += 1
            if i % (k * k) == 0:
                freq_kkk += 1
        if i % (k * k) == 0:
            freq_kk += 1
    return (freq_k + freq_kk - freq_kkk) / n
```

This version uses `itertools.count()` to generate an infinite sequence of integers, and `itertools.islice()` to take the first `n` elements. This approach reduces the number of times we need to call `range`, making the code more efficient.