"""Finds large SS progressions 

On every iteration, improve priority_v1 over the priority_vX methods from previous iterations.
Make only small changes.
Try to make the code short.
"""
import itertools

import numpy as np

import funsearch


@funsearch.run
def priority_v0(k: int, n: int) -> float:
  """Returns the priority with which we want to add `element` to the salem-spencer set.
  n is the number of possible integers, and k is the integer we want to determine priority for. 
  """
  """Improved version of `priority_v0` with better efficiency and accuracy."""
  if k == 1:
    return 1.0  # Base case: priority is always 1 for the first element

  freq = np.sum(np.arange(1, k + 1) == k)  # Frequency of k in [1, k]
  remaining = n - k  # Number of remaining elements

  # Improve accuracy by using harmonic number for k instead of k itself
  k_harmonic = sum(1 / i for i in range(1, k + 1))

  return freq / (k_harmonic * (k_harmonic + remaining))


def priority_v1(k: int, n: int) -> float:
  """Improved version of `priority_v0`."""
  return 0.0


def priority_v2(k: int, n: int) -> float:
  """Improved version of `priority_v1`."""

