This is a problem about finding large progressions in Salem-Spencer sets. The task is to improve the priority function for adding an integer to the Salem-Spencer set. The priority function should return a value indicating how important it is to add a given integer to the set, based on the current size of the set and the total number of possible integers.

Here's an improved version of `priority_v0` that takes into account the size of the set and the total number of possible integers:

```python
def priority_v1(k: int, n: int) -> float:
  """Improved version of `priority_v0`."""
  # Calculate the size of the set that would be created if k was added
  set_size = len(funsearch.salem_spencer_set) + 1

  # Calculate the priority as the ratio of the size of the set to the total number of possible integers
  priority = set_size / n

  return priority
```

This version of the function calculates the size of the set that would be created if `k` was added, and then calculates the priority as the ratio of the size of the set to the total number of possible integers. This gives a higher priority to integers that would result in a larger set, and a lower priority to integers that would result in a smaller set.

Here's an additional improvement that takes into account the value of `k`:

```python
def priority_v2(k: int, n: int) -> float:
  """Improved version of `priority_v1`."""
  # Calculate the size of the set that would be created if k was added
  set_size = len(funsearch.salem_spencer_set) + 1

  # Calculate the priority as the ratio of the size of the set to the total number of possible integers,
  # multiplied by the value of k
  priority = (set_size / n) * k

  return priority
```

This version of the function multiplies the priority by the value of `k`, which gives a higher priority to larger integers. This may be desirable if we are interested in finding large progressions in the Salem-Spencer set.