Here's an improved version of `priority_v1` that considers the density of the Salem-Spencer set around `k`. This version uses the concept of a "window" around `k` to calculate the density and improve the priority function.

```python
import numpy as np

def priority_v1(k: int, n: int, window_size: int = 10) -> float:
    """Improved version of `priority_v0` using a window around `k` to calculate density."""
    start, end = max(0, k - window_size), min(n, k + window_size + 1)
    window = np.arange(start, end)
    density = len(set(window) & set(salem_spencer_set)) / len(window)
    return density
```

In this version, `salem_spencer_set` is assumed to be a global variable or provided as an argument. The `window_size` parameter determines the size of the window around `k` used to calculate the density. A larger window size considers a broader context, while a smaller window size focuses more on the immediate vicinity of `k`.

To further improve the priority function, you can consider additional factors, such as the frequency of appearances of `k` in the Salem-Spencer set or the number of unique elements in the window. Here's an example of incorporating these factors:

```python
def priority_v2(k: int, n: int, window_size: int = 10) -> float:
    """Further improved version of `priority_v1` considering frequency and uniqueness."""
    start, end = max(0, k - window_size), min(n, k + window_size + 1)
    window = np.arange(start, end)
    window_set = set(window) & set(salem_spencer_set)
    density = len(window_set) / len(window)
    frequency = sum(1 for _ in itertools.takewhile(lambda x: x == k, salem_spencer_set)) / len(salem_spencer_set)
    uniqueness = len(window_set) / (n - k + 1)
    return density * frequency * uniqueness
```

This version of the priority function considers the density, frequency, and uniqueness of `k` within the window, providing a more comprehensive measure for prioritizing the addition of `k` to the Salem-Spencer set.