Here's an improved version of `priority_v1` that considers the frequency of `k` in the range `[1, n]` and the number of elements already in the Salem-Spencer set. This version uses the `itertools` module to generate all possible elements in the range and `numpy` for efficient counting.

```python
import itertools
import numpy as np

@funsearch.run
def priority_v1(k: int, n: int, ss_set=None) -> float:
    """Improved version of `priority_v0`.

    Args:
        k (int): The integer we want to determine priority for.
        n (int): The number of possible integers.
        ss_set (set, optional): The current Salem-Spencer set. Defaults to None.

    Returns:
        float: The priority with which we want to add `k` to the Salem-Spencer set.
    """
    if ss_set is None:
        ss_set = set()

    # Count the frequency of k in the range [1, n]
    freq = np.sum(np.array(list(range(1, n + 1))) == k)

    # Calculate the number of elements in the current Salem-Spencer set
    ss_size = len(ss_set)

    # Calculate the priority as the frequency of k times the ratio of the current set size to the total possible size
    priority = freq * (ss_size / (n * (n + 1) // 2))

    return priority
```

This version of `priority_v1` takes an optional `ss_set` argument to consider the current state of the Salem-Spencer set. The priority is calculated as the frequency of `k` in the range `[1, n]` multiplied by the ratio of the current set size to the total possible size of the Salem-Spencer set. This should provide a better estimate of the priority for adding `k` to the set.