Here's an iterative improvement of the `priority_vX` functions, focusing on small changes and keeping the code short. I've added comments to explain the changes made in each version.

```python
import itertools
import numpy as np
import funsearch

@funsearch.run
def priority_v0(k: int, n: int) -> float:
    """Returns the priority with which we want to add `k` to the Salem-Spencer set."""
    return 0.0

def priority_v1(k: int, n: int) -> float:
    """Improved version of `priority_v0`. Adds the number of ways to choose `k` elements from `n`."""
    return np.math.comb(n, k)

def priority_v2(k: int, n: int) -> float:
    """Improved version of `priority_v1`. Adds the product of the priority and `k`."""
    return np.math.comb(n, k) * k

def priority_v3(k: int, n: int) -> float:
    """Improved version of `priority_v2`. Adds the sum of priorities for all smaller elements."""
    return np.math.comb(n, k) * k + sum(priority_v2(i, n) for i in range(k))

def priority_v4(k: int, n: int) -> float:
    """Improved version of `priority_v3`. Adds a factor of `n` to account for the size of the set."""
    return (np.math.comb(n, k) * k + sum(priority_v3(i, n) for i in range(k))) * n

def priority_v5(k: int, n: int) -> float:
    """Improved version of `priority_v4`. Adds a factor of `k` to further emphasize larger elements."""
    return (np.math.comb(n, k) * k + sum(priority_v4(i, n) for i in range(k))) * n * k
```

Each version builds upon the previous one, making small changes to improve the `priority_vX` method. The final version `priority_v5` incorporates factors of `n` and `k` to emphasize the size of the set and the element being considered, respectively.