def priority_v1(k: int, n: int) -> float:
  """Improved version of `priority_v0`.
  Here, we consider the frequency of each integer in the range [1, n]
  and adjust the priority based on that.
  """
  # Compute the frequency of each integer in the range [1, n]
  frequencies = np.bincount(np.arange(1, n + 1))
  # Return the adjusted priority
  return k / n * (1 / frequencies[k])


def priority_v2(k: int, n: int) -> float:
  """Improved version of `priority_v1`.
  Here, we consider the order in which the integers are added to the salem-spencer set
  and adjust the priority based on that.
  """
  # Compute the order in which the integers are added to the salem-spencer set
  orders = np.argsort(np.arange(1, n + 1) / priority_v1(np.arange(1, n + 1), n))
  # Return the adjusted priority
  return k / n * (1 / orders[k])


def priority_v3(k: int, n: int) -> float:
  """Improved version of `priority_v2`.
  Here, we consider the number of ways to form a sum using the integers in the salem-spencer set
  and adjust the priority based on that.
  """
  # Compute the number of ways to form a sum using the integers in the salem-spencer set
  counts = np.zeros(n + 1)
  counts[0] = 1
  for i in range(1, k + 1):
    counts[i:] += counts[:-i]
  # Return the adjusted priority
  return k / n * (1 / counts[k])


def priority_v4(k: int, n: int) -> float:
  """Improved version of `priority_v3`.
  Here, we consider the number of ways to form a sum using the integers in the salem-spencer set
  and the number of ways to form a sum using the integers not in the salem-spencer set,
  and adjust the priority based on that.
  """
  # Compute the number of ways to form a sum using the integers in the salem-spencer set
  counts_in = np.zeros(n + 1)
  counts_in[0] = 1
  for i in range(1, k + 1):
    counts_in[i:] += counts_in[:-i]
  # Compute the number of ways to form a sum using the integers not in the salem-spencer set
  counts_out = np.zeros(n + 1)
  counts_out[0] = 1
  for i in range(1, n + 1):
    if i != k:
      counts_out[i:] += counts_out[:-i]
  # Return the adjusted priority
  return k / n * (counts_in[k] / counts_out[k])


def priority_v5(k: int, n: int) -> float:
  """Improved version of `priority_v4`.
  Here, we consider the number of ways to form a sum using the integers in the salem-spencer set
  and the number of ways to form a sum using the integers not in the salem-spencer set,
  and adjust the priority based on that.
  We also consider the number of ways to form a sum using the integers in the salem-spencer set
  that are less than or equal to k, and adjust the priority based on that.
  """
  # Compute the number of ways to form a sum using the integers in the salem-spencer set
  counts_in = np.zeros(n + 1)
  counts_in[0] = 1
  for i in range(1, k + 1):
    counts_in[i:] += counts_in[:-i]
  # Compute the number of ways to form a sum using the integers not in the salem-spencer set
  counts_out = np.zeros(n + 1)
  counts_out[0] = 1
  for i in range(1, n + 1):
    if i != k:
      counts_out[i:] += counts_out[:-i]
  # Compute the number of ways to form a sum using the integers in the salem-spencer set that are less than or equal to k
  counts_in_leq_k = np.sum(counts_in[:k + 1])
  # Return the adjusted priority
  return k / n * (counts_in[k] / counts_out[k]) * (counts_in_leq_k / counts_in[k])