def priority_v1(k: int, n: int) -> float:
  """Improved version of `priority_v0`."""
  # Consider the position of k in the set of 1 to n
  position = k / n
  # Normalize the position to be between 0 and 1
  normalized_position = position / max(position)
  # Give more priority to numbers closer to the beginning of the set
  return 1 - normalized_position

def priority_v2(k: int, n: int) -> float:
  """Improved version of `priority_v1`."""
  # Consider the position of k in the set of 1 to n
  position = k / n
  # Normalize the position to be between 0 and 1
  normalized_position = position / max(position)
  # Give more priority to numbers closer to the beginning of the set, but decrease the priority more rapidly
  return (1 - normalized_position) ** 2

def priority_v3(k: int, n: int) -> float:
  """Improved version of `priority_v2`."""
  # Consider the position of k in the set of 1 to n
  position = k / n
  # Normalize the position to be between 0 and 1
  normalized_position = position / max(position)
  # Give more priority to numbers closer to the beginning of the set, but decrease the priority less rapidly
  return np.sqrt(1 - normalized_position)

# Continue this pattern for further improvements...