Here's an improved version of `priority_v1` that considers the frequency of `k` in the range `[1, n]` and the number of elements in the Salem-Spencer set. This version uses the `Counter` class from the `collections` module to count the occurrences of `k`.

```python
from collections import Counter

@funsearch.run
def priority_v1(k: int, n: int, ss_set: set) -> float:
    """Improved version of `priority_v0`."""
    freq_k = sum(1 for i in range(1, n + 1) if i % k == 0)
    return freq_k / (n * len(ss_set))
```

In this version, `ss_set` is an additional parameter that represents the current Salem-Spencer set. The priority is calculated as the frequency of `k` divided by the product of `n` and the size of the `ss_set`. This way, the priority increases with the frequency of `k` and decreases with the size of the `ss_set`.

To further improve the function, you can consider the following aspects:

1. **Progressive improvement**: Instead of making large changes, you can gradually improve the function by incorporating additional factors that affect the priority. For example, you can consider the average frequency of multiples of `k` in the range `[1, n]`, or the number of unique multiples of `k` within that range.

2. **Code refactoring**: To make the code shorter, you can extract some calculations into separate functions or variables. For instance, you can create a function to calculate the frequency of `k` or use a variable to store the size of the `ss_set`.

3. **Iterative improvement**: To find large Salem-Spencer progressions, you can iteratively apply the `priority_vX` functions and update the `ss_set` based on the calculated priorities. You can use a loop to repeatedly call the `funsearch.run` function with the improved `priority_vX` functions and update the `ss_set` accordingly.

Here's an example of how you can iteratively improve the function and find large Salem-Spencer progressions:

```python
from collections import Counter

@funsearch.run
def priority_v1(k: int, n: int, ss_set: set) -> float:
    freq_k = sum(1 for i in range(1, n + 1) if i % k == 0)
    return freq_k / (n * len(ss_set))

def find_large_ss_progressions(n: int, max_iter: int = 100):
    ss_set = set()
    for _ in range(max_iter):
        priorities = {k: priority_v1(k, n, ss_set) for k in range(1, n + 1)}
        k_max_priority = max(priorities, key=priorities.get)
        ss_set.add(k_max_priority)
        print(f"Iteration {_:<3}: Added {k_max_priority} to Salem-Spencer set. Size: {len(ss_set)}")
    return ss_set

ss_set = find_large_ss_progressions(100)
```

In this example, the `find_large_ss_progressions` function iteratively calls the `priority_v1` function to find the element with the highest priority and adds it to the `ss_set`. The process repeats for a specified number of iterations or until the `ss_set` reaches a desired size.