"""Finds large cap sets.

On every iteration, improve priority_v1 over the priority_vX methods from previous iterations.
Make only small changes.
Try to make the code short.
"""
import itertools

import numpy as np

import funsearch


@funsearch.run
def priority_v0(el: tuple[int, ...], n: int) -> float:
  """Returns the priority with which we want to add `element` to the cap set.
  el is a tuple of length n with values 0-2.
  """
  """Improved version of `priority_v3`.

  Another improvement could be to prioritize elements that have a lower standard deviation over elements that have a higher standard deviation.
  This is because a lower standard deviation means that the elements are more similar to each other, which increases the chances of finding a cap set.
  """
  return sum(el) / len(set(el)) / np.std(el)


def priority_v1(el: tuple[int, ...], n: int) -> float:
  """Improved version of `priority_v0`."""
  """Improved version of `priority_v3`.

  Another improvement could be to prioritize elements that have a lower standard deviation over elements that have a higher standard deviation.
  This is because a lower standard deviation means that the elements are more similar to each other, which increases the chances of finding a cap set.
  """
  return sum(el) / len(set(el)) / np.std(el)


def priority_v2(el: tuple[int, ...], n: int) -> float:
  """Improved version of `priority_v1`."""

