"""Finds large cap sets.

On every iteration, improve priority_v1 over the priority_vX methods from previous iterations.
Make only small changes.
Try to make the code short.
"""
import itertools

import numpy as np

import funsearch


@funsearch.run
def priority_v0(el: tuple[int, ...], n: int) -> float:
  """Returns the priority with which we want to add `element` to the cap set.
  el is a tuple of length n with values 0-2.
  """
  """Improved version of `priority_v0`. Returns the priority based on the count of 1's and 2's in the tuple,
  and also considers the count of 0's.
  """
  count_2 = el.count(2)
  count_1 = el.count(1)
  count_0 = el.count(0)
  return count_2 - 0.5 * count_1 + 0.25 * count_0


def priority_v1(el: tuple[int, ...], n: int) -> float:
  """Improved version of `priority_v0`."""

