def priority_v1(el: tuple[int, ...], n: int) -> float:
  """Improved version of `priority_v0`."""
  # Prioritize elements with more 2's
  return el.count(2)

def priority_v2(el: tuple[int, ...], n: int) -> float:
  """Improved version of `priority_v1`."""
  # Prioritize elements with more 2's and fewer 1's
  return el.count(2) - el.count(1)

def priority_v3(el: tuple[int, ...], n: int) -> float:
  """Improved version of `priority_v2`."""
  # Prioritize elements with more 2's, fewer 1's, and more zeros
  return el.count(2) - el.count(1) + el.count(0)

def priority_v4(el: tuple[int, ...], n: int) -> float:
  """Improved version of `priority_v3`."""
  # Prioritize elements with a higher ratio of 2's to 1's
  return el.count(2) / max(el.count(1), 1) + el.count(0)

def priority_v5(el: tuple[int, ...], n: int) -> float:
  """Improved version of `priority_v4`."""
  # Prioritize elements with a higher ratio of 2's to total elements
  return el.count(2) / n + el.count(0) - el.count(1) / n

def priority_v6(el: tuple[int, ...], n: int) -> float:
  """Improved version of `priority_v5`."""
  # Prioritize elements with a higher ratio of 2's to total elements and a lower ratio of 1's to total elements
  return el.count(2) / n - el.count(1) / n + el.count(0) / n

def priority_v7(el: tuple[int, ...], n: int) -> float:
  """Improved version of `priority_v6`."""
  # Prioritize elements with a higher ratio of 2's to total elements, a lower ratio of 1's to total elements, and a higher number of consecutive 2's
  return el.count(2) / n - el.count(1) / n + el.count(0) / n + max(sum(1 for _ in group) for key, group in itertools.groupby(el) if key == 2)

def priority_v8(el: tuple[int, ...], n: int) -> float:
  """Improved version of `priority_v7`."""
  # Prioritize elements with a higher ratio of 2's to total elements, a lower ratio of 1's to total elements, a higher number of consecutive 2's, and a lower number of consecutive 1's
  return el.count(2) / n - el.count(1) / n + el.count(0) / n + max(sum(1 for _ in group) for key, group in itertools.groupby(el) if key == 2) - max(sum(1 for _ in group) for key, group in itertools.groupby(el) if key == 1)

def priority_v9(el: tuple[int, ...], n: int) -> float:
  """Improved version of `priority_v8`."""
  # Prioritize elements with a higher ratio of 2's to total elements, a lower ratio of 1's to total elements, a higher number of consecutive 2's, a lower number of consecutive 1's, and a higher number of 0's at the ends of the element
  return el.count(2) / n - el.count(1) / n + el.count(0) / n + max(sum(1 for _ in group) for key, group in itertools.groupby(el) if key == 2) - max(sum(1 for _ in group) for key, group in itertools.groupby(el) if key == 1) + el.count(0, el.index(1 if 1 in el else n)) / n + el.count(0, el.rindex(1 if 1 in el else -1)) / n