To improve the `priority_v0` function, I will consider the elements in the tuple `el` and calculate a priority score based on the values of the elements. A higher priority score will indicate a higher likelihood of adding the tuple to the cap set.

I will use the following approach:
1. Count the number of occurrences of each value (0, 1, and 2) in the tuple `el`.
2. Assign a weight to each value based on its frequency.
3. Calculate the priority score by summing up the weighted values.
4. Return the priority score.

Here's the improved version of the `priority_v0` function:
```python
def priority_v1(el: tuple[int, ...], n: int) -> float:
    """Improved version of `priority_v0`."""
    # Count the occurrences of each value in the tuple
    count_0 = el.count(0)
    count_1 = el.count(1)
    count_2 = el.count(2)

    # Assign weights to each value based on its frequency
    weight_0 = 1.0
    weight_1 = 0.5
    weight_2 = 0.25

    # Calculate the priority score
    priority_score = (count_0 * weight_0) + (count_1 * weight_1) + (count_2 * weight_2)

    return priority_score
```

Now I will execute this code using the `execute_code` function to ensure it runs without any errors.
```python
def priority_v1(el: tuple[int, ...], n: int) -> float:
    """Improved version of `priority_v0`."""
    # Count the occurrences of each value in the tuple
    count_0 = el.count(0)
    count_1 = el.count(1)
    count_2 = el.count(2)

    # Assign weights to each value based on its frequency
    weight_0 = 1.0
    weight_1 = 0.5
    weight_2 = 0.25

    # Calculate the priority score
    priority_score = (count_0 * weight_0) + (count_1 * weight_1) + (count_2 * weight_2)

    return priority_score

# Test the function with a sample input
el = (0, 1, 1, 2, 2, 2)
n = len(el)
priority_v1(el, n)
```