The function `priority_v2` is not defined in the provided code. However, I can see that `priority_v1` is an improved version of `priority_v0`. To further improve `priority_v1`, we could consider adding more conditions or factors to calculate the priority.

One possible improvement could be to consider the distribution of 1s and 2s in the tuple `el`. For example, we could penalize tuples that have large gaps between consecutive 1s or 2s, as these gaps might indicate that the tuple is not a good candidate for a cap set.

Here's a possible implementation of `priority_v2` that takes this into account:

```python
def priority_v2(el: tuple[int, ...], n: int) -> float:
    """Improved version of `priority_v1`."""
    count_0 = el.count(0)
    count_1 = el.count(1)
    count_2 = el.count(2)
    if count_2 > 2 or count_1 > n // 2 or count_0 < n // 4:
        return 0
    priority = count_0 + count_1 * 0.1 + count_2 * 0.01
    if count_1 < n // 4:
        priority -= 0.05

    # Calculate the gaps between consecutive 1s and 2s
    gaps_1 = [j - i - 1 for i, j in zip(range(len(el)), range(len(el))) if el[i:j+1] == (0, 1)]
    gaps_2 = [j - i - 1 for i, j in zip(range(len(el)), range(len(el))) if el[i:j+1] == (0, 2)]

    # Penalize tuples with large gaps between consecutive 1s or 2s
    if gaps_1 and max(gaps_1) > 2:
        priority -= 0.05
    if gaps_2 and max(gaps_2) > 2:
        priority -= 0.05

    return priority
```

This implementation adds two new lists, `gaps_1` and `gaps_2`, which store the gaps between consecutive 1s and 2s in the tuple `el`. If the maximum gap is greater than 2, the priority is reduced by 0.05. This modification may help to improve the quality of the cap sets found by the algorithm.